TN:
SF:src/App.jsx
FN:16,AdminRoute
FN:81,App
FNF:2
FNH:1
FNDA:0,AdminRoute
FNDA:1,App
DA:1,1
DA:2,1
DA:3,1
DA:4,1
DA:5,1
DA:6,1
DA:7,1
DA:8,1
DA:9,1
DA:10,1
DA:11,1
DA:12,1
DA:13,1
DA:16,0
DA:17,0
DA:18,0
DA:19,0
DA:20,0
DA:21,0
DA:22,0
DA:25,1
DA:26,1
DA:27,1
DA:28,1
DA:29,1
DA:30,1
DA:31,1
DA:32,1
DA:33,1
DA:34,1
DA:35,1
DA:36,1
DA:37,1
DA:38,1
DA:39,1
DA:40,1
DA:41,1
DA:42,1
DA:43,1
DA:44,1
DA:45,1
DA:46,1
DA:47,1
DA:48,1
DA:49,1
DA:50,1
DA:51,1
DA:52,1
DA:54,1
DA:55,1
DA:56,1
DA:57,1
DA:58,1
DA:59,1
DA:60,1
DA:61,1
DA:62,1
DA:63,1
DA:65,1
DA:67,1
DA:68,1
DA:69,1
DA:70,1
DA:72,1
DA:73,1
DA:74,1
DA:75,1
DA:76,1
DA:77,1
DA:78,1
DA:81,1
DA:82,1
DA:83,1
DA:84,1
DA:85,1
DA:87,1
DA:89,1
LF:77
LH:70
BRDA:81,0,0,1
BRF:1
BRH:1
end_of_record
TN:
SF:src/components/admin/AdminGameSelector.jsx
FN:4,AdminGameSelector
FNF:1
FNH:0
FNDA:0,AdminGameSelector
DA:1,1
DA:4,0
DA:5,0
DA:6,0
DA:8,0
DA:9,0
DA:10,0
DA:12,0
DA:13,0
DA:14,0
DA:15,0
DA:16,0
DA:18,0
DA:19,0
DA:20,0
DA:21,0
DA:22,0
DA:23,0
DA:25,0
DA:26,0
DA:27,0
DA:28,0
DA:29,0
DA:30,0
DA:31,0
DA:33,0
DA:34,0
DA:35,0
DA:36,0
DA:37,0
DA:38,0
DA:39,0
DA:41,0
DA:42,0
DA:43,0
DA:44,0
DA:45,0
DA:46,0
DA:47,0
DA:48,0
DA:49,0
DA:50,0
DA:52,0
DA:53,0
DA:54,0
DA:55,0
DA:56,0
DA:58,0
DA:59,0
DA:60,0
DA:61,0
DA:62,0
DA:64,0
LF:53
LH:1
BRF:0
BRH:0
end_of_record
TN:
SF:src/components/admin/GameAdminTab.jsx
FN:18,GameAdminTab
FNF:1
FNH:0
FNDA:0,GameAdminTab
DA:1,1
DA:18,0
DA:19,0
DA:20,0
DA:21,0
DA:22,0
DA:23,0
DA:24,0
DA:25,0
DA:26,0
DA:27,0
DA:29,0
DA:30,0
DA:31,0
DA:33,0
DA:34,0
DA:35,0
DA:36,0
DA:37,0
DA:38,0
DA:39,0
DA:40,0
DA:41,0
DA:42,0
DA:43,0
DA:44,0
DA:46,0
DA:47,0
DA:48,0
DA:49,0
DA:50,0
DA:51,0
DA:52,0
DA:54,0
DA:55,0
DA:56,0
DA:57,0
DA:58,0
DA:59,0
DA:60,0
DA:61,0
DA:62,0
DA:64,0
DA:65,0
DA:66,0
DA:67,0
DA:68,0
DA:70,0
DA:71,0
DA:72,0
DA:73,0
DA:74,0
DA:75,0
DA:76,0
DA:77,0
DA:78,0
DA:79,0
DA:81,0
DA:82,0
DA:83,0
DA:85,0
DA:86,0
DA:88,0
DA:89,0
DA:90,0
DA:91,0
DA:92,0
DA:94,0
DA:95,0
DA:96,0
DA:97,0
DA:98,0
DA:99,0
DA:100,0
DA:102,0
DA:104,0
DA:106,0
DA:107,0
DA:108,0
DA:109,0
DA:110,0
DA:112,0
DA:113,0
DA:114,0
DA:115,0
DA:120,0
DA:121,0
DA:122,0
DA:123,0
DA:124,0
DA:125,0
DA:126,0
DA:127,0
DA:128,0
DA:130,0
DA:131,0
DA:133,0
DA:134,0
DA:135,0
DA:137,0
DA:138,0
DA:139,0
DA:140,0
DA:141,0
DA:142,0
DA:143,0
DA:144,0
DA:146,0
DA:147,0
DA:148,0
DA:149,0
DA:151,0
DA:152,0
DA:153,0
DA:154,0
DA:155,0
DA:156,0
DA:158,0
DA:159,0
DA:160,0
DA:161,0
DA:162,0
DA:163,0
DA:164,0
DA:165,0
DA:166,0
DA:167,0
DA:168,0
DA:169,0
DA:173,0
DA:174,0
DA:175,0
DA:176,0
DA:177,0
DA:178,0
DA:179,0
DA:181,0
DA:182,0
DA:183,0
DA:184,0
DA:185,0
DA:186,0
DA:187,0
DA:189,0
DA:191,0
DA:192,0
DA:193,0
DA:194,0
DA:195,0
DA:196,0
DA:197,0
DA:198,0
DA:199,0
DA:200,0
DA:201,0
DA:202,0
DA:205,0
DA:206,0
DA:207,0
DA:208,0
DA:210,0
DA:211,0
DA:214,0
DA:215,0
DA:216,0
DA:217,0
DA:218,0
DA:219,0
DA:220,0
DA:221,0
DA:222,0
DA:223,0
DA:224,0
DA:225,0
DA:226,0
DA:227,0
DA:228,0
DA:229,0
DA:231,0
DA:232,0
DA:233,0
DA:234,0
DA:235,0
DA:236,0
DA:237,0
DA:238,0
DA:239,0
DA:240,0
DA:241,0
DA:242,0
DA:245,0
DA:246,0
DA:247,0
DA:248,0
DA:249,0
DA:250,0
DA:251,0
DA:252,0
DA:253,0
DA:255,0
DA:256,0
DA:257,0
DA:258,0
DA:259,0
DA:260,0
DA:261,0
DA:262,0
DA:263,0
DA:264,0
DA:265,0
DA:266,0
DA:267,0
DA:271,0
DA:272,0
DA:273,0
DA:274,0
DA:275,0
DA:276,0
DA:277,0
DA:278,0
DA:279,0
DA:280,0
DA:281,0
DA:282,0
DA:283,0
DA:284,0
DA:286,0
DA:287,0
DA:288,0
DA:289,0
DA:290,0
DA:292,0
DA:293,0
DA:294,0
DA:295,0
DA:296,0
DA:297,0
DA:298,0
DA:299,0
DA:300,0
DA:301,0
DA:302,0
DA:303,0
DA:304,0
DA:305,0
DA:306,0
DA:307,0
DA:308,0
DA:309,0
DA:312,0
DA:313,0
DA:314,0
DA:315,0
DA:316,0
DA:317,0
DA:318,0
DA:319,0
DA:321,0
DA:322,0
DA:323,0
DA:324,0
DA:328,0
DA:329,0
DA:330,0
DA:331,0
DA:332,0
DA:333,0
DA:334,0
DA:335,0
DA:336,0
DA:337,0
DA:338,0
DA:339,0
DA:340,0
DA:341,0
DA:342,0
DA:343,0
DA:344,0
DA:345,0
DA:347,0
DA:348,0
DA:349,0
DA:350,0
DA:351,0
DA:352,0
DA:353,0
DA:355,0
DA:356,0
DA:357,0
DA:358,0
DA:359,0
DA:360,0
DA:361,0
DA:362,0
DA:363,0
DA:364,0
DA:365,0
DA:367,0
DA:368,0
DA:369,0
DA:371,0
DA:372,0
DA:373,0
DA:374,0
DA:375,0
DA:376,0
DA:377,0
DA:379,0
DA:380,0
DA:381,0
DA:382,0
DA:383,0
DA:384,0
DA:385,0
DA:386,0
DA:387,0
DA:388,0
DA:390,0
DA:391,0
DA:392,0
DA:393,0
DA:394,0
DA:396,0
DA:397,0
DA:398,0
DA:399,0
DA:400,0
DA:401,0
DA:402,0
DA:404,0
DA:405,0
DA:406,0
DA:410,0
DA:411,0
DA:413,0
DA:414,0
DA:415,0
DA:416,0
DA:417,0
DA:419,0
DA:420,0
DA:421,0
DA:422,0
DA:424,0
DA:425,0
DA:428,0
DA:429,0
DA:430,0
DA:431,0
DA:432,0
DA:433,0
DA:434,0
DA:435,0
DA:436,0
DA:437,0
DA:438,0
DA:440,0
DA:441,0
DA:443,0
DA:444,0
DA:445,0
DA:446,0
DA:447,0
DA:448,0
DA:450,0
DA:451,0
DA:452,0
DA:453,0
DA:454,0
DA:455,0
DA:456,0
DA:458,0
DA:459,0
DA:460,0
DA:461,0
DA:462,0
DA:463,0
DA:464,0
DA:465,0
DA:466,0
DA:467,0
DA:468,0
DA:469,0
DA:470,0
DA:471,0
DA:472,0
DA:473,0
DA:474,0
DA:477,0
DA:478,0
DA:479,0
DA:480,0
DA:481,0
DA:482,0
DA:483,0
DA:484,0
DA:485,0
DA:486,0
DA:487,0
DA:488,0
DA:489,0
DA:490,0
DA:492,0
DA:493,0
DA:496,0
DA:497,0
DA:498,0
DA:499,0
DA:500,0
DA:501,0
DA:503,0
DA:504,0
DA:505,0
DA:507,0
DA:508,0
DA:511,0
LF:416
LH:1
BRF:0
BRH:0
end_of_record
TN:
SF:src/components/admin/GameUserAssignment.jsx
FN:4,GameUserAssignment
FNF:1
FNH:0
FNDA:0,GameUserAssignment
DA:1,1
DA:4,0
DA:5,0
DA:6,0
DA:7,0
DA:9,0
DA:10,0
DA:11,0
DA:12,0
DA:13,0
DA:14,0
DA:15,0
DA:16,0
DA:17,0
DA:18,0
DA:19,0
DA:20,0
DA:21,0
DA:22,0
DA:24,0
DA:25,0
DA:27,0
DA:28,0
DA:29,0
DA:31,0
DA:32,0
DA:33,0
DA:34,0
DA:35,0
DA:36,0
DA:37,0
DA:38,0
DA:39,0
DA:40,0
DA:41,0
DA:43,0
DA:44,0
DA:46,0
DA:47,0
DA:48,0
DA:49,0
DA:50,0
DA:51,0
DA:52,0
DA:53,0
DA:54,0
DA:55,0
DA:56,0
DA:57,0
DA:58,0
DA:59,0
DA:60,0
DA:61,0
DA:63,0
LF:54
LH:1
BRF:0
BRH:0
end_of_record
TN:
SF:src/components/admin/HintEditor.jsx
FN:16,HintEditor
FNF:1
FNH:0
FNDA:0,HintEditor
DA:1,1
DA:16,0
DA:17,0
DA:18,0
DA:19,0
DA:20,0
DA:21,0
DA:22,0
DA:23,0
DA:24,0
DA:25,0
DA:26,0
DA:27,0
DA:29,0
DA:30,0
DA:31,0
DA:32,0
DA:33,0
DA:34,0
DA:35,0
DA:36,0
DA:37,0
DA:39,0
DA:40,0
DA:41,0
DA:42,0
DA:43,0
DA:44,0
DA:45,0
DA:47,0
DA:48,0
DA:49,0
DA:50,0
DA:51,0
DA:52,0
DA:53,0
DA:54,0
DA:55,0
DA:57,0
DA:58,0
DA:59,0
DA:60,0
DA:62,0
DA:63,0
DA:64,0
DA:66,0
DA:67,0
DA:69,0
DA:70,0
DA:71,0
DA:72,0
DA:73,0
DA:75,0
DA:76,0
DA:77,0
DA:79,0
DA:80,0
DA:81,0
DA:82,0
DA:83,0
DA:84,0
DA:85,0
DA:86,0
DA:87,0
DA:88,0
DA:89,0
DA:90,0
DA:91,0
DA:92,0
DA:93,0
DA:94,0
DA:95,0
DA:96,0
DA:97,0
DA:99,0
DA:100,0
DA:101,0
DA:102,0
DA:103,0
DA:104,0
DA:106,0
DA:107,0
DA:108,0
DA:109,0
DA:110,0
DA:112,0
DA:113,0
DA:114,0
DA:116,0
DA:118,0
LF:90
LH:1
BRF:0
BRH:0
end_of_record
TN:
SF:src/components/admin/LocationEditor.jsx
FN:17,LocationEditor
FNF:1
FNH:0
FNDA:0,LocationEditor
DA:1,1
DA:17,0
DA:18,0
DA:19,0
DA:20,0
DA:21,0
DA:22,0
DA:23,0
DA:24,0
DA:25,0
DA:26,0
DA:27,0
DA:29,0
DA:30,0
DA:31,0
DA:32,0
DA:33,0
DA:34,0
DA:36,0
DA:37,0
DA:38,0
DA:39,0
DA:41,0
DA:42,0
DA:43,0
DA:45,0
DA:47,0
DA:48,0
DA:49,0
DA:50,0
DA:51,0
DA:52,0
DA:53,0
DA:54,0
DA:55,0
DA:56,0
DA:58,0
DA:59,0
DA:60,0
DA:62,0
DA:63,0
DA:64,0
DA:66,0
DA:67,0
DA:68,0
DA:69,0
DA:70,0
DA:71,0
DA:72,0
DA:73,0
DA:74,0
DA:76,0
DA:78,0
DA:79,0
DA:80,0
DA:81,0
DA:82,0
DA:83,0
DA:84,0
DA:85,0
DA:87,0
DA:89,0
DA:90,0
DA:91,0
DA:92,0
DA:93,0
DA:94,0
DA:95,0
DA:96,0
DA:97,0
DA:98,0
DA:100,0
DA:102,0
DA:104,0
DA:105,0
DA:106,0
DA:107,0
DA:108,0
DA:109,0
DA:110,0
DA:111,0
DA:112,0
DA:113,0
DA:115,0
DA:117,0
DA:118,0
DA:119,0
DA:120,0
DA:122,0
DA:124,0
DA:125,0
DA:126,0
DA:127,0
DA:128,0
DA:130,0
DA:131,0
DA:132,0
DA:134,0
DA:135,0
DA:136,0
DA:137,0
DA:138,0
DA:140,0
DA:141,0
DA:142,0
DA:143,0
DA:144,0
DA:145,0
DA:147,0
DA:148,0
DA:150,0
DA:152,0
LF:112
LH:1
BRF:0
BRH:0
end_of_record
TN:
SF:src/components/admin/MapCoordinatePicker.jsx
FN:19,ClickHandler
FN:28,MapCoordinatePicker
FNF:2
FNH:0
FNDA:0,ClickHandler
FNDA:0,MapCoordinatePicker
DA:1,1
DA:12,1
DA:13,1
DA:14,1
DA:15,1
DA:16,1
DA:17,1
DA:19,0
DA:20,0
DA:21,0
DA:22,0
DA:23,0
DA:24,0
DA:25,0
DA:26,0
DA:28,0
DA:29,0
DA:31,0
DA:32,0
DA:33,0
DA:34,0
DA:35,0
DA:36,0
DA:37,0
DA:38,0
DA:40,0
DA:41,0
DA:42,0
DA:43,0
DA:44,0
DA:45,0
DA:46,0
DA:48,0
DA:49,0
DA:51,0
DA:52,0
DA:53,0
DA:54,0
DA:55,0
DA:56,0
DA:58,0
DA:59,0
DA:60,0
DA:61,0
DA:63,0
LF:45
LH:7
BRF:0
BRH:0
end_of_record
TN:
SF:src/components/admin/QuestionEditor.jsx
FN:3,QuestionEditor
FNF:1
FNH:0
FNDA:0,QuestionEditor
DA:1,1
DA:3,0
DA:4,0
DA:5,0
DA:6,0
DA:7,0
DA:8,0
DA:9,0
DA:10,0
DA:11,0
DA:12,0
DA:13,0
DA:14,0
DA:15,0
DA:16,0
DA:17,0
DA:18,0
DA:20,0
DA:21,0
DA:22,0
DA:23,0
DA:24,0
DA:25,0
DA:26,0
DA:27,0
DA:28,0
DA:29,0
DA:31,0
DA:32,0
DA:35,0
DA:36,0
DA:37,0
DA:39,0
DA:41,0
DA:42,0
DA:43,0
DA:44,0
DA:45,0
DA:48,0
DA:49,0
DA:50,0
DA:51,0
DA:52,0
DA:54,0
DA:55,0
DA:56,0
DA:58,0
DA:59,0
DA:60,0
DA:61,0
DA:62,0
DA:63,0
DA:64,0
DA:65,0
DA:66,0
DA:67,0
DA:68,0
DA:69,0
DA:70,0
DA:72,0
DA:73,0
DA:74,0
DA:75,0
DA:76,0
DA:77,0
DA:78,0
DA:79,0
DA:80,0
DA:82,0
DA:83,0
DA:84,0
DA:85,0
DA:86,0
DA:88,0
DA:89,0
DA:90,0
DA:91,0
DA:92,0
DA:94,0
DA:95,0
DA:99,0
DA:100,0
DA:101,0
DA:102,0
DA:103,0
DA:104,0
DA:105,0
DA:106,0
DA:107,0
DA:108,0
DA:109,0
DA:110,0
DA:112,0
DA:113,0
DA:114,0
DA:115,0
DA:116,0
DA:117,0
DA:119,0
DA:121,0
DA:123,0
DA:124,0
DA:125,0
DA:126,0
DA:128,0
DA:129,0
DA:130,0
DA:132,0
DA:133,0
DA:134,0
DA:135,0
DA:137,0
DA:138,0
DA:141,0
DA:142,0
DA:144,0
DA:145,0
DA:146,0
DA:147,0
DA:149,0
DA:150,0
DA:152,0
DA:154,0
LF:123
LH:1
BRF:0
BRH:0
end_of_record
TN:
SF:src/components/admin/SortableItem.jsx
FN:6,SortableItem
FNF:1
FNH:0
FNDA:0,SortableItem
DA:1,1
DA:6,1
DA:7,0
DA:8,0
DA:9,0
DA:10,0
DA:11,0
DA:12,0
DA:13,0
DA:15,0
DA:16,0
DA:17,0
DA:18,0
DA:20,0
DA:21,0
DA:23,0
DA:24,0
DA:25,0
DA:26,0
DA:27,0
DA:29,0
DA:30,0
DA:31,0
DA:32,0
DA:34,0
DA:36,1
LF:26
LH:3
BRF:0
BRH:0
end_of_record
TN:
SF:src/components/admin/UserAdminTab.jsx
FN:4,UserAdminTab
FNF:1
FNH:0
FNDA:0,UserAdminTab
DA:1,1
DA:4,0
DA:5,0
DA:6,0
DA:7,0
DA:8,0
DA:10,0
LF:7
LH:1
BRF:0
BRH:0
end_of_record
TN:
SF:src/components/admin/UserManager.jsx
FN:12,UserManager
FNF:1
FNH:0
FNDA:0,UserManager
DA:1,1
DA:12,0
DA:13,0
DA:14,0
DA:15,0
DA:16,0
DA:17,0
DA:18,0
DA:20,0
DA:21,0
DA:22,0
DA:23,0
DA:24,0
DA:25,0
DA:26,0
DA:28,0
DA:29,0
DA:30,0
DA:32,0
DA:33,0
DA:34,0
DA:35,0
DA:36,0
DA:37,0
DA:38,0
DA:39,0
DA:40,0
DA:41,0
DA:42,0
DA:43,0
DA:44,0
DA:45,0
DA:46,0
DA:47,0
DA:49,0
DA:50,0
DA:51,0
DA:52,0
DA:53,0
DA:54,0
DA:55,0
DA:56,0
DA:58,0
DA:59,0
DA:60,0
DA:61,0
DA:62,0
DA:63,0
DA:64,0
DA:65,0
DA:67,0
DA:69,0
DA:70,0
DA:71,0
DA:72,0
DA:73,0
DA:74,0
DA:75,0
DA:77,0
DA:78,0
DA:79,0
DA:80,0
DA:81,0
DA:84,0
DA:85,0
DA:86,0
DA:87,0
DA:88,0
DA:89,0
DA:90,0
DA:91,0
DA:92,0
DA:93,0
DA:94,0
DA:95,0
DA:97,0
DA:98,0
DA:99,0
DA:100,0
DA:102,0
DA:103,0
DA:104,0
DA:106,0
DA:107,0
DA:108,0
DA:110,0
DA:112,0
DA:113,0
DA:114,0
DA:115,0
DA:117,0
DA:118,0
DA:119,0
DA:120,0
DA:121,0
DA:122,0
DA:123,0
DA:124,0
DA:125,0
DA:127,0
DA:128,0
DA:129,0
DA:130,0
DA:131,0
DA:132,0
DA:133,0
DA:134,0
DA:137,0
DA:138,0
DA:139,0
DA:140,0
DA:141,0
DA:142,0
DA:145,0
DA:146,0
DA:147,0
DA:149,0
DA:150,0
DA:151,0
DA:152,0
DA:153,0
DA:154,0
DA:155,0
DA:156,0
DA:158,0
DA:159,0
DA:161,0
DA:162,0
DA:163,0
DA:164,0
DA:165,0
DA:166,0
DA:167,0
DA:168,0
DA:169,0
DA:170,0
DA:171,0
DA:172,0
DA:173,0
DA:174,0
DA:175,0
DA:177,0
DA:178,0
DA:179,0
DA:180,0
DA:181,0
DA:182,0
DA:183,0
DA:184,0
DA:185,0
DA:187,0
DA:188,0
DA:189,0
DA:190,0
DA:191,0
DA:192,0
DA:193,0
DA:194,0
DA:195,0
DA:197,0
DA:198,0
DA:199,0
DA:200,0
DA:201,0
DA:202,0
DA:203,0
DA:204,0
DA:205,0
DA:206,0
DA:207,0
DA:208,0
DA:209,0
DA:210,0
DA:211,0
DA:212,0
DA:213,0
DA:214,0
DA:215,0
DA:216,0
DA:218,0
DA:219,0
DA:220,0
DA:221,0
DA:222,0
DA:224,0
DA:225,0
DA:226,0
DA:227,0
DA:228,0
DA:229,0
DA:231,0
DA:232,0
DA:233,0
DA:235,0
DA:236,0
DA:237,0
DA:238,0
DA:239,0
DA:240,0
DA:241,0
DA:242,0
DA:245,0
DA:246,0
DA:247,0
DA:248,0
DA:249,0
DA:250,0
DA:251,0
DA:252,0
DA:253,0
DA:255,0
DA:256,0
DA:257,0
DA:258,0
DA:259,0
DA:260,0
DA:261,0
DA:262,0
DA:264,0
DA:266,0
DA:267,0
DA:268,0
DA:269,0
DA:270,0
DA:271,0
DA:273,0
DA:275,0
DA:277,0
DA:279,0
DA:280,0
DA:281,0
DA:282,0
DA:283,0
DA:284,0
DA:285,0
DA:286,0
DA:287,0
DA:288,0
DA:289,0
DA:290,0
DA:291,0
DA:292,0
DA:294,0
DA:295,0
DA:297,0
DA:298,0
DA:299,0
DA:301,0
DA:302,0
DA:303,0
DA:304,0
DA:305,0
DA:306,0
DA:307,0
DA:308,0
DA:309,0
DA:310,0
DA:311,0
DA:312,0
DA:313,0
DA:314,0
DA:315,0
DA:316,0
DA:318,0
DA:319,0
DA:320,0
DA:321,0
DA:322,0
DA:323,0
DA:324,0
DA:326,0
DA:327,0
DA:328,0
DA:329,0
DA:330,0
DA:331,0
DA:332,0
DA:333,0
DA:334,0
DA:335,0
DA:337,0
DA:338,0
DA:339,0
DA:340,0
DA:341,0
DA:342,0
DA:343,0
DA:344,0
DA:346,0
DA:347,0
DA:348,0
DA:350,0
DA:351,0
DA:352,0
DA:353,0
DA:354,0
DA:355,0
DA:356,0
DA:357,0
DA:358,0
DA:359,0
DA:360,0
DA:362,0
DA:363,0
DA:364,0
DA:365,0
DA:366,0
DA:367,0
DA:368,0
DA:369,0
DA:370,0
DA:371,0
DA:372,0
DA:373,0
DA:374,0
DA:375,0
DA:377,0
DA:378,0
DA:379,0
DA:380,0
DA:382,0
DA:383,0
DA:384,0
DA:386,0
DA:388,0
LF:325
LH:1
BRF:0
BRH:0
end_of_record
TN:
SF:src/components/mapview/HintDisplay.jsx
FN:3,HintDisplay
FN:8,handleGiveUpClick
FN:22,onClick
FNF:3
FNH:3
FNDA:7,HintDisplay
FNDA:2,handleGiveUpClick
FNDA:1,onClick
DA:1,1
DA:3,7
DA:4,7
DA:5,7
DA:6,7
DA:8,7
DA:9,2
DA:10,1
DA:11,1
DA:12,1
DA:13,1
DA:14,2
DA:16,7
DA:17,7
DA:18,7
DA:19,7
DA:21,7
DA:22,5
DA:24,5
DA:27,7
DA:28,2
DA:29,2
DA:30,2
DA:33,7
DA:34,7
DA:36,7
LF:26
LH:26
BRDA:3,0,0,7
BRDA:4,1,0,0
BRDA:19,2,0,0
BRDA:21,3,0,5
BRDA:27,4,0,2
BRDA:29,5,0,1
BRDA:29,6,0,1
BRDA:8,7,0,2
BRDA:9,8,0,1
BRDA:22,9,0,1
BRF:10
BRH:8
end_of_record
TN:
SF:src/components/mapview/QuestionDisplay.jsx
FN:4,QuestionDisplay
FN:37,onSubmit
FN:46,onChange
FN:73,onClick
FNF:4
FNH:3
FNDA:12,QuestionDisplay
FNDA:0,onSubmit
FNDA:3,onChange
FNDA:1,onClick
DA:1,1
DA:4,12
DA:5,12
DA:6,12
DA:7,12
DA:8,12
DA:9,12
DA:10,12
DA:11,12
DA:12,12
DA:13,12
DA:14,12
DA:15,12
DA:16,12
DA:17,12
DA:18,12
DA:19,12
DA:20,12
DA:21,12
DA:22,12
DA:23,12
DA:24,12
DA:25,12
DA:27,12
DA:28,5
DA:29,5
DA:30,5
DA:31,12
DA:33,12
DA:34,12
DA:35,12
DA:36,12
DA:37,12
DA:38,12
DA:39,24
DA:40,24
DA:41,24
DA:42,24
DA:43,24
DA:44,24
DA:45,24
DA:46,24
DA:47,24
DA:48,24
DA:49,24
DA:50,24
DA:51,12
DA:53,12
DA:54,8
DA:55,8
DA:56,8
DA:57,8
DA:58,8
DA:59,8
DA:61,8
DA:63,4
DA:64,4
DA:65,4
DA:66,4
DA:67,4
DA:68,4
DA:70,4
DA:71,4
DA:72,4
DA:73,4
DA:74,1
DA:75,1
DA:76,1
DA:77,4
DA:78,4
DA:80,4
DA:81,4
DA:83,12
DA:84,12
DA:86,12
LF:75
LH:75
BRDA:4,0,0,12
BRDA:53,1,0,8
BRDA:61,2,0,4
BRDA:65,3,0,3
BRDA:65,4,0,1
BRDA:67,5,0,3
BRDA:67,6,0,1
BRDA:27,7,0,5
BRDA:38,8,0,24
BRDA:46,9,0,3
BRDA:73,10,0,1
BRF:11
BRH:11
end_of_record
TN:
SF:src/components/mapview/TrainingPrompt.jsx
FN:4,TrainingPrompt
FNF:1
FNH:0
FNDA:0,TrainingPrompt
DA:1,1
DA:4,0
DA:5,0
DA:6,0
DA:7,0
DA:8,0
DA:10,0
LF:7
LH:1
BRF:0
BRH:0
end_of_record
TN:
SF:src/contexts/AuthContext.jsx
FN:8,AuthProvider
FN:14,getUserAndProfile
FN:59,useAuthContext
FNF:3
FNH:3
FNDA:2,AuthProvider
FNDA:1,getUserAndProfile
FNDA:53,useAuthContext
DA:1,1
DA:5,1
DA:8,1
DA:9,2
DA:10,2
DA:11,2
DA:13,2
DA:14,1
DA:15,1
DA:16,1
DA:17,1
DA:19,1
DA:22,1
DA:24,0
DA:25,0
DA:26,0
DA:27,0
DA:28,0
DA:30,0
DA:31,0
DA:32,0
DA:34,0
DA:35,0
DA:36,0
DA:38,1
DA:39,1
DA:41,1
DA:43,1
DA:44,0
DA:45,1
DA:47,1
DA:48,1
DA:49,1
DA:50,2
DA:52,2
DA:53,2
DA:54,2
DA:55,2
DA:57,2
DA:59,1
LF:40
LH:28
BRDA:8,0,0,2
BRDA:13,1,0,1
BRDA:14,2,0,1
BRDA:22,3,0,0
BRDA:47,4,0,1
BRDA:59,5,0,53
BRF:6
BRH:5
end_of_record
TN:
SF:src/hooks/useAnswerSubmission.js
FN:1,useAnswerSubmission
FN:10,handleSubmit
FN:24,reset
FNF:3
FNH:3
FNDA:17,useAnswerSubmission
FNDA:7,handleSubmit
FNDA:1,reset
DA:1,1
DA:2,17
DA:3,17
DA:4,17
DA:5,17
DA:6,17
DA:7,17
DA:8,17
DA:9,17
DA:10,17
DA:11,7
DA:13,5
DA:14,7
DA:16,7
DA:17,7
DA:19,7
DA:20,5
DA:21,5
DA:22,17
DA:24,17
DA:25,1
DA:26,1
DA:27,17
DA:29,17
DA:30,17
DA:31,17
DA:32,17
DA:33,17
DA:34,17
DA:35,17
LF:30
LH:30
BRDA:1,0,0,17
BRDA:10,1,0,7
BRDA:11,2,0,6
BRDA:11,3,0,5
BRDA:11,4,0,2
BRDA:14,5,0,0
BRDA:19,6,0,5
BRDA:13,7,0,7
BRDA:24,8,0,1
BRF:9
BRH:8
end_of_record
TN:
SF:src/hooks/useGeolocation.js
FN:16,useGeolocation
FN:32,applyPosition
FN:41,handleError
FNF:3
FNH:3
FNDA:11,useGeolocation
FNDA:4,applyPosition
FNDA:1,handleError
DA:1,1
DA:5,1
DA:6,1
DA:7,1
DA:8,1
DA:9,1
DA:11,1
DA:12,1
DA:13,1
DA:14,1
DA:15,1
DA:16,1
DA:17,11
DA:18,11
DA:19,11
DA:21,11
DA:22,11
DA:23,11
DA:25,11
DA:26,5
DA:27,1
DA:28,1
DA:29,1
DA:30,1
DA:32,4
DA:33,4
DA:34,4
DA:35,4
DA:36,4
DA:37,4
DA:38,4
DA:39,4
DA:41,4
DA:42,1
DA:43,1
DA:44,1
DA:45,1
DA:46,1
DA:47,4
DA:49,4
DA:50,4
DA:51,4
DA:52,4
DA:53,4
DA:55,4
DA:56,5
DA:57,1
DA:58,0
DA:59,0
DA:60,0
DA:61,0
DA:62,0
DA:63,1
DA:64,1
DA:66,4
DA:67,4
DA:68,4
DA:69,4
DA:70,11
DA:72,11
DA:73,11
LF:61
LH:56
BRDA:16,0,0,11
BRDA:21,1,0,11
BRDA:25,2,0,5
BRDA:26,3,0,1
BRDA:30,4,0,4
BRDA:56,5,0,1
BRDA:64,6,0,4
BRDA:32,7,0,4
BRDA:41,8,0,1
BRDA:66,9,0,4
BRDA:67,10,0,2
BRDA:68,11,0,1
BRF:12
BRH:12
end_of_record
TN:
SF:src/pages/AdminView.jsx
FN:5,AdminView
FNF:1
FNH:0
FNDA:0,AdminView
DA:1,1
DA:5,0
DA:6,0
DA:8,0
DA:9,0
DA:10,0
DA:12,0
DA:13,0
DA:14,0
DA:15,0
DA:16,0
DA:18,0
DA:19,0
DA:20,0
DA:21,0
DA:22,0
DA:24,0
DA:25,0
DA:27,0
DA:28,0
DA:29,0
DA:31,0
LF:22
LH:1
BRF:0
BRH:0
end_of_record
TN:
SF:src/pages/FinalMessage.jsx
FN:4,FinalMessage
FNF:1
FNH:0
FNDA:0,FinalMessage
DA:1,1
DA:4,0
DA:5,0
DA:6,0
DA:7,0
DA:8,0
DA:9,0
DA:11,0
LF:8
LH:1
BRF:0
BRH:0
end_of_record
TN:
SF:src/pages/GameComplete.jsx
FN:10,GameComplete
FNF:1
FNH:0
FNDA:0,GameComplete
DA:1,1
DA:10,0
DA:11,0
DA:12,0
DA:13,0
DA:14,0
DA:15,0
DA:16,0
DA:17,0
DA:20,0
DA:21,0
DA:22,0
DA:23,0
DA:24,0
DA:25,0
DA:27,0
DA:29,0
DA:30,0
DA:31,0
DA:32,0
DA:33,0
DA:34,0
DA:36,0
DA:37,0
DA:38,0
DA:40,0
DA:41,0
DA:42,0
DA:44,0
DA:45,0
DA:46,0
DA:48,0
DA:49,0
DA:50,0
DA:51,0
DA:52,0
DA:53,0
DA:54,0
DA:55,0
DA:56,0
DA:57,0
DA:59,0
DA:60,0
DA:62,0
DA:63,0
DA:64,0
DA:65,0
DA:66,0
DA:67,0
DA:68,0
DA:69,0
DA:70,0
DA:71,0
DA:72,0
DA:74,0
DA:75,0
DA:77,0
DA:78,0
DA:79,0
DA:80,0
DA:81,0
DA:83,0
DA:84,0
DA:87,0
DA:88,0
DA:90,0
DA:91,0
DA:92,0
DA:93,0
DA:94,0
DA:95,0
DA:96,0
DA:98,0
DA:99,0
DA:102,0
DA:103,0
DA:104,0
DA:107,0
DA:108,0
DA:109,0
DA:110,0
DA:111,0
DA:112,0
DA:113,0
DA:114,0
DA:115,0
DA:116,0
DA:117,0
DA:119,0
DA:121,0
DA:122,0
DA:123,0
DA:124,0
DA:125,0
DA:126,0
DA:127,0
DA:128,0
DA:129,0
DA:131,0
DA:132,0
DA:133,0
DA:134,0
DA:135,0
DA:136,0
DA:137,0
DA:138,0
DA:140,0
DA:142,0
DA:143,0
DA:144,0
DA:145,0
DA:146,0
DA:147,0
DA:148,0
DA:149,0
DA:150,0
DA:151,0
DA:152,0
DA:153,0
DA:155,0
DA:156,0
DA:157,0
DA:158,0
DA:159,0
DA:160,0
DA:161,0
DA:162,0
DA:163,0
DA:164,0
DA:166,0
DA:167,0
DA:168,0
DA:169,0
DA:170,0
DA:171,0
DA:172,0
DA:173,0
DA:176,0
DA:178,0
DA:179,0
DA:180,0
DA:181,0
DA:182,0
DA:183,0
DA:184,0
DA:185,0
DA:186,0
DA:187,0
DA:188,0
DA:189,0
DA:191,0
DA:192,0
DA:193,0
DA:194,0
DA:195,0
DA:196,0
DA:197,0
DA:198,0
DA:199,0
DA:202,0
DA:205,0
DA:206,0
LF:162
LH:1
BRF:0
BRH:0
end_of_record
TN:
SF:src/pages/Login.jsx
FN:5,Login
FN:17,handleLogin
FN:40,onChange
FN:48,onChange
FNF:4
FNH:4
FNDA:12,Login
FNDA:2,handleLogin
FNDA:2,onChange
FNDA:2,onChange
DA:1,1
DA:5,12
DA:6,12
DA:7,12
DA:9,12
DA:10,12
DA:11,12
DA:13,12
DA:14,4
DA:15,12
DA:17,12
DA:18,2
DA:19,2
DA:21,2
DA:22,2
DA:23,2
DA:24,2
DA:26,2
DA:27,1
DA:28,1
DA:29,2
DA:31,12
DA:32,12
DA:33,12
DA:35,12
DA:36,12
DA:37,12
DA:38,12
DA:39,12
DA:40,12
DA:41,12
DA:42,12
DA:43,12
DA:44,12
DA:45,12
DA:46,12
DA:47,12
DA:48,12
DA:49,12
DA:50,12
DA:51,12
DA:52,12
DA:53,12
DA:54,12
DA:56,12
DA:58,12
DA:59,12
DA:61,12
DA:62,12
DA:63,12
DA:65,12
DA:66,12
DA:67,12
DA:69,12
LF:54
LH:54
BRDA:5,0,0,12
BRDA:52,1,0,1
BRDA:13,2,0,4
BRDA:14,3,0,1
BRDA:17,4,0,2
BRDA:26,5,0,1
BRDA:40,6,0,2
BRDA:48,7,0,2
BRF:8
BRH:8
end_of_record
TN:
SF:src/pages/MapView.jsx
FN:46,MapView
FN:94,checkGameAccess
FN:169,startTraining
FN:177,getResumeState
FN:239,handleMapClick
FN:267,TrainingClickHandler
FN:272,UserLocationMarker
FN:282,RecenterMap
FN:294,onNextLocation
FN:324,getGameStateSnapshot
FN:340,handleGiveUp
FN:354,mapViewLogEvent
FN:365,onChange
FN:437,onClick
FN:459,onClick
FN:499,onAnsweredCorrect
FN:522,onClick
FN:547,onClick
FN:550,onClick
FN:556,onClick
FNF:20
FNH:8
FNDA:27,MapView
FNDA:5,checkGameAccess
FNDA:0,startTraining
FNDA:5,getResumeState
FNDA:2,handleMapClick
FNDA:12,TrainingClickHandler
FNDA:13,UserLocationMarker
FNDA:12,RecenterMap
FNDA:0,onNextLocation
FNDA:0,getGameStateSnapshot
FNDA:0,handleGiveUp
FNDA:0,mapViewLogEvent
FNDA:0,onChange
FNDA:3,onClick
FNDA:0,onClick
FNDA:0,onAnsweredCorrect
FNDA:0,onClick
FNDA:0,onClick
FNDA:0,onClick
FNDA:0,onClick
DA:1,1
DA:27,1
DA:28,1
DA:29,1
DA:30,1
DA:31,1
DA:32,1
DA:33,1
DA:34,1
DA:35,1
DA:37,1
DA:38,1
DA:39,1
DA:40,1
DA:41,1
DA:42,1
DA:43,1
DA:44,1
DA:46,27
DA:47,27
DA:48,27
DA:49,27
DA:51,27
DA:52,27
DA:53,27
DA:55,27
DA:56,27
DA:57,27
DA:58,27
DA:59,27
DA:61,27
DA:62,27
DA:63,27
DA:64,27
DA:65,27
DA:66,27
DA:67,27
DA:68,27
DA:69,27
DA:70,27
DA:71,27
DA:72,27
DA:73,27
DA:74,27
DA:76,27
DA:77,27
DA:78,27
DA:79,27
DA:81,27
DA:82,27
DA:84,27
DA:85,27
DA:86,27
DA:87,27
DA:88,27
DA:90,27
DA:91,5
DA:92,5
DA:94,5
DA:95,5
DA:96,5
DA:97,5
DA:98,5
DA:100,5
DA:101,5
DA:102,0
DA:103,0
DA:104,0
DA:106,5
DA:107,5
DA:108,5
DA:109,5
DA:110,5
DA:112,5
DA:113,27
DA:115,27
DA:116,5
DA:118,5
DA:119,5
DA:121,5
DA:122,5
DA:123,5
DA:124,10
DA:125,10
DA:126,10
DA:127,10
DA:128,10
DA:129,10
DA:130,5
DA:131,5
DA:132,5
DA:133,5
DA:134,27
DA:136,27
DA:137,14
DA:139,4
DA:140,4
DA:141,4
DA:142,4
DA:143,4
DA:144,4
DA:146,14
DA:147,1
DA:148,1
DA:149,27
DA:151,27
DA:152,6
DA:153,1
DA:154,1
DA:155,27
DA:157,27
DA:158,10
DA:159,5
DA:160,5
DA:161,27
DA:163,27
DA:164,11
DA:165,6
DA:166,6
DA:167,27
DA:169,27
DA:170,0
DA:171,0
DA:172,0
DA:173,0
DA:174,0
DA:175,0
DA:177,27
DA:178,5
DA:181,5
DA:182,5
DA:183,5
DA:184,5
DA:186,5
DA:187,0
DA:188,0
DA:189,0
DA:191,5
DA:192,4
DA:193,4
DA:196,1
DA:199,1
DA:200,1
DA:201,1
DA:203,1
DA:205,1
DA:208,1
DA:210,1
DA:211,1
DA:212,1
DA:214,1
DA:215,0
DA:216,0
DA:217,0
DA:218,0
DA:219,0
DA:220,0
DA:221,0
DA:223,1
DA:224,1
DA:225,1
DA:226,1
DA:227,1
DA:228,1
DA:229,1
DA:230,1
DA:232,0
DA:233,0
DA:235,0
DA:236,5
DA:239,27
DA:240,2
DA:241,0
DA:242,0
DA:243,0
DA:244,0
DA:245,0
DA:246,0
DA:247,0
DA:248,0
DA:249,0
DA:250,0
DA:251,2
DA:252,2
DA:253,2
DA:254,2
DA:255,2
DA:256,2
DA:257,2
DA:258,2
DA:259,2
DA:260,2
DA:261,2
DA:262,2
DA:263,2
DA:264,2
DA:265,2
DA:267,27
DA:268,12
DA:269,12
DA:270,12
DA:272,27
DA:273,13
DA:275,13
DA:276,12
DA:277,13
DA:279,13
DA:280,13
DA:282,27
DA:283,12
DA:285,12
DA:286,12
DA:287,9
DA:288,9
DA:289,12
DA:291,12
DA:292,12
DA:294,27
DA:295,0
DA:296,0
DA:297,0
DA:298,0
DA:299,0
DA:300,0
DA:301,0
DA:302,0
DA:303,0
DA:304,0
DA:307,0
DA:308,0
DA:309,0
DA:310,0
DA:311,0
DA:312,0
DA:313,0
DA:314,0
DA:315,0
DA:316,0
DA:319,27
DA:320,27
DA:321,19
DA:322,7
DA:324,27
DA:325,0
DA:326,0
DA:327,0
DA:328,0
DA:329,0
DA:330,0
DA:331,0
DA:332,0
DA:333,0
DA:334,0
DA:335,0
DA:336,0
DA:337,0
DA:338,0
DA:340,27
DA:341,0
DA:344,0
DA:347,0
DA:348,0
DA:349,0
DA:350,0
DA:351,0
DA:352,0
DA:354,27
DA:355,0
DA:356,0
DA:357,27
DA:359,27
DA:360,0
DA:361,0
DA:362,0
DA:363,0
DA:364,0
DA:365,0
DA:366,0
DA:367,0
DA:368,0
DA:369,0
DA:371,0
DA:372,0
DA:373,0
DA:374,0
DA:375,0
DA:376,0
DA:377,0
DA:378,0
DA:380,0
DA:384,27
DA:385,7
DA:386,7
DA:387,7
DA:388,7
DA:390,7
DA:392,19
DA:394,19
DA:395,19
DA:396,9
DA:397,9
DA:398,9
DA:401,27
DA:402,17
DA:403,17
DA:404,17
DA:405,17
DA:406,17
DA:407,17
DA:409,17
DA:410,17
DA:411,17
DA:412,17
DA:413,17
DA:414,17
DA:415,17
DA:416,17
DA:417,17
DA:418,17
DA:419,5
DA:420,5
DA:421,5
DA:422,5
DA:424,17
DA:426,0
DA:428,17
DA:431,27
DA:432,27
DA:433,9
DA:434,9
DA:435,9
DA:436,9
DA:437,9
DA:438,3
DA:439,3
DA:440,3
DA:441,3
DA:442,3
DA:443,3
DA:444,3
DA:445,3
DA:446,9
DA:448,9
DA:450,9
DA:451,9
DA:452,9
DA:453,9
DA:454,9
DA:456,9
DA:457,9
DA:458,9
DA:459,9
DA:460,9
DA:462,9
DA:463,9
DA:466,27
DA:467,3
DA:468,3
DA:469,3
DA:470,3
DA:471,3
DA:472,3
DA:473,3
DA:474,3
DA:477,27
DA:478,5
DA:479,5
DA:481,5
DA:482,5
DA:483,5
DA:484,5
DA:485,5
DA:488,27
DA:489,2
DA:490,2
DA:491,2
DA:492,2
DA:493,2
DA:494,2
DA:495,2
DA:496,2
DA:497,2
DA:498,2
DA:499,2
DA:500,0
DA:501,0
DA:502,0
DA:503,2
DA:504,2
DA:507,27
DA:508,0
DA:509,0
DA:510,0
DA:511,0
DA:512,0
DA:514,0
DA:517,27
DA:518,0
DA:519,0
DA:520,0
DA:521,0
DA:522,0
DA:523,0
DA:524,0
DA:525,0
DA:526,0
DA:527,0
DA:528,0
DA:529,0
DA:530,0
DA:531,0
DA:532,0
DA:533,0
DA:534,0
DA:535,0
DA:537,0
DA:538,0
DA:541,27
DA:542,0
DA:545,27
DA:546,0
DA:547,0
DA:549,0
DA:550,0
DA:552,0
DA:553,0
DA:554,0
DA:555,0
DA:556,0
DA:557,0
DA:558,0
DA:559,0
DA:560,0
DA:561,0
DA:562,0
DA:563,0
DA:564,0
DA:566,0
DA:568,0
DA:570,27
DA:571,27
DA:574,27
LF:442
LH:297
BRDA:46,0,0,27
BRDA:76,1,0,16
BRDA:76,2,0,16
BRDA:79,3,0,26
BRDA:81,4,0,26
BRDA:161,5,0,26
BRDA:320,6,0,26
BRDA:320,7,0,19
BRDA:321,8,0,7
BRDA:359,9,0,0
BRDA:359,10,0,0
BRDA:380,11,0,26
BRDA:384,12,0,7
BRDA:390,13,0,19
BRDA:395,14,0,9
BRDA:397,15,0,0
BRDA:397,16,0,0
BRDA:401,17,0,17
BRDA:432,18,0,9
BRDA:432,19,0,9
BRDA:466,20,0,10
BRDA:466,21,0,3
BRDA:466,22,0,3
BRDA:466,23,0,3
BRDA:477,24,0,10
BRDA:477,25,0,7
BRDA:477,26,0,7
BRDA:477,27,0,7
BRDA:477,28,0,5
BRDA:488,29,0,2
BRDA:488,30,0,2
BRDA:507,31,0,0
BRDA:507,32,0,0
BRDA:517,33,0,0
BRDA:517,34,0,0
BRDA:517,35,0,0
BRDA:541,36,0,0
BRDA:545,37,0,0
BRDA:51,38,0,40
BRDA:52,39,0,40
BRDA:53,40,0,40
BRDA:90,41,0,5
BRDA:91,42,0,0
BRDA:94,43,0,5
BRDA:101,44,0,0
BRDA:115,45,0,5
BRDA:116,46,0,0
BRDA:121,47,0,5
BRDA:122,48,0,5
BRDA:122,49,0,0
BRDA:122,50,0,0
BRDA:123,51,0,10
BRDA:125,52,0,0
BRDA:129,53,0,0
BRDA:125,54,0,5
BRDA:126,55,0,10
BRDA:128,56,0,0
BRDA:128,57,0,10
BRDA:136,58,0,14
BRDA:137,59,0,4
BRDA:137,60,0,4
BRDA:137,61,0,10
BRDA:137,62,0,4
BRDA:146,63,0,1
BRDA:151,64,0,6
BRDA:152,65,0,1
BRDA:157,66,0,10
BRDA:158,67,0,5
BRDA:158,68,0,5
BRDA:163,69,0,11
BRDA:164,70,0,6
BRDA:177,71,0,5
BRDA:178,72,0,0
BRDA:186,73,0,0
BRDA:191,74,0,4
BRDA:193,75,0,1
BRDA:203,76,0,0
BRDA:203,77,0,1
BRDA:214,78,0,0
BRDA:230,79,0,0
BRDA:196,80,0,2
BRDA:199,81,0,1
BRDA:208,82,0,1
BRDA:208,83,0,0
BRDA:208,84,0,0
BRDA:212,85,0,1
BRDA:239,86,0,2
BRDA:240,87,0,0
BRDA:263,88,0,0
BRDA:257,89,0,2
BRDA:267,90,0,12
BRDA:272,91,0,13
BRDA:275,92,0,12
BRDA:276,93,0,0
BRDA:282,94,0,12
BRDA:285,95,0,12
BRDA:286,96,0,9
BRDA:286,97,0,9
BRDA:286,98,0,9
BRDA:401,99,0,17
BRDA:418,100,0,5
BRDA:418,101,0,5
BRDA:418,102,0,5
BRDA:424,103,0,0
BRDA:437,104,0,3
BRF:105
BRH:75
end_of_record
TN:
SF:src/pages/Register.jsx
FN:6,Register
FN:18,handleChange
FN:22,handleRegister
FNF:3
FNH:3
FNDA:14,Register
FNDA:8,handleChange
FNDA:2,handleRegister
DA:1,1
DA:6,14
DA:7,14
DA:8,14
DA:10,14
DA:11,14
DA:12,14
DA:13,14
DA:14,14
DA:15,14
DA:16,14
DA:18,14
DA:19,8
DA:20,8
DA:22,14
DA:23,2
DA:24,2
DA:26,2
DA:27,2
DA:28,2
DA:29,2
DA:31,2
DA:32,1
DA:33,1
DA:34,1
DA:36,1
DA:38,2
DA:39,0
DA:40,0
DA:41,0
DA:44,1
DA:45,1
DA:46,1
DA:47,1
DA:48,1
DA:52,1
DA:54,1
DA:55,2
DA:59,14
DA:60,14
DA:61,14
DA:62,14
DA:63,14
DA:64,14
DA:65,14
DA:66,14
DA:67,14
DA:68,14
DA:69,14
DA:70,14
DA:71,14
DA:72,14
DA:73,14
DA:74,14
DA:75,14
DA:76,14
DA:77,14
DA:78,14
DA:79,14
DA:80,14
DA:81,14
DA:82,14
DA:83,14
DA:84,14
DA:85,14
DA:86,14
DA:87,14
DA:88,14
DA:89,14
DA:90,14
DA:91,14
DA:92,14
DA:93,14
DA:94,14
DA:95,14
DA:96,14
DA:97,14
DA:98,14
DA:99,14
DA:100,14
DA:101,14
DA:102,14
DA:103,14
DA:105,14
DA:106,14
DA:107,14
DA:109,14
LF:87
LH:84
BRDA:6,0,0,14
BRDA:99,1,0,1
BRDA:18,2,0,8
BRDA:22,3,0,2
BRDA:31,4,0,1
BRDA:38,5,0,0
BRDA:41,6,0,1
BRF:7
BRH:6
end_of_record
TN:
SF:src/pages/Results.jsx
FN:8,Results
FNF:1
FNH:0
FNDA:0,Results
DA:1,1
DA:8,0
DA:9,0
DA:10,0
DA:11,0
DA:12,0
DA:14,0
DA:15,0
DA:16,0
DA:17,0
DA:18,0
DA:19,0
DA:20,0
DA:21,0
DA:22,0
DA:24,0
DA:25,0
DA:26,0
DA:27,0
DA:28,0
DA:29,0
DA:30,0
DA:31,0
DA:32,0
DA:33,0
DA:36,0
DA:37,0
DA:38,0
DA:39,0
DA:40,0
DA:41,0
DA:42,0
DA:43,0
DA:44,0
DA:45,0
DA:47,0
DA:48,0
DA:49,0
DA:50,0
DA:52,0
DA:53,0
DA:54,0
DA:55,0
DA:56,0
DA:57,0
DA:58,0
DA:59,0
DA:60,0
DA:62,0
DA:63,0
DA:65,0
DA:66,0
DA:67,0
DA:68,0
DA:71,0
DA:72,0
DA:73,0
DA:74,0
DA:75,0
DA:76,0
DA:77,0
DA:78,0
DA:79,0
DA:80,0
DA:81,0
DA:82,0
DA:83,0
DA:84,0
DA:85,0
DA:86,0
DA:87,0
DA:88,0
DA:89,0
DA:92,0
DA:93,0
DA:94,0
DA:95,0
DA:96,0
DA:97,0
DA:98,0
DA:99,0
DA:100,0
DA:101,0
DA:102,0
DA:103,0
DA:104,0
DA:105,0
DA:106,0
DA:107,0
DA:108,0
DA:109,0
DA:110,0
DA:113,0
DA:114,0
DA:115,0
DA:116,0
DA:117,0
DA:118,0
DA:119,0
DA:120,0
DA:121,0
DA:122,0
DA:123,0
DA:124,0
DA:125,0
DA:126,0
DA:127,0
DA:128,0
DA:129,0
DA:130,0
DA:131,0
DA:132,0
DA:134,0
LF:113
LH:1
BRF:0
BRH:0
end_of_record
TN:
SF:src/pages/Sorry.jsx
FN:5,Sorry
FNF:1
FNH:0
FNDA:0,Sorry
DA:1,1
DA:5,0
DA:6,0
DA:7,0
DA:9,0
DA:10,0
DA:11,0
DA:12,0
DA:14,0
DA:16,0
DA:17,0
DA:18,0
DA:19,0
DA:20,0
DA:22,0
DA:24,0
DA:26,0
DA:28,0
LF:18
LH:1
BRF:0
BRH:0
end_of_record
TN:
SF:src/services/adminImages.js
FN:8,fetchByUserId
FN:20,insert
FN:32,delete
FN:48,update
FNF:4
FNH:0
FNDA:0,fetchByUserId
FNDA:0,insert
FNDA:0,delete
FNDA:0,update
DA:1,1
DA:4,1
DA:6,1
DA:7,1
DA:8,1
DA:9,0
DA:10,0
DA:11,0
DA:12,0
DA:13,0
DA:15,0
DA:16,0
DA:17,1
DA:19,1
DA:20,1
DA:21,0
DA:22,0
DA:23,0
DA:24,0
DA:26,0
DA:27,0
DA:28,1
DA:30,1
DA:31,1
DA:32,1
DA:33,0
DA:34,0
DA:35,0
DA:36,0
DA:37,0
DA:39,0
DA:40,0
DA:41,0
DA:42,0
DA:43,0
DA:45,0
DA:46,0
DA:47,1
DA:48,1
DA:49,0
DA:50,0
DA:51,0
DA:52,0
DA:53,0
DA:55,0
DA:56,0
DA:57,1
DA:59,1
LF:48
LH:16
BRF:0
BRH:0
end_of_record
TN:
SF:src/services/supabaseClient.js
FNF:0
FNH:0
DA:1,1
DA:4,1
DA:5,1
DA:7,1
LF:4
LH:4
BRF:0
BRH:0
end_of_record
TN:
SF:src/services/supabaseService.js
FN:6,handle
FN:15,fetchAllHints
FN:18,fetchAllQuestions
FN:21,fetchUserProgress
FN:24,insertUserProgress
FN:27,fetchQuestionsAndAnswers
FN:49,adminTable
FN:50,fetch
FN:51,insert
FN:52,update
FN:53,delete
FN:58,fetch
FN:59,fetchByLocation
FN:67,insert
FN:68,update
FN:69,delete
FN:75,insert
FN:83,toggleCorrectAnswer
FN:98,fetchByGame
FN:106,insert
FN:114,update
FN:116,delete
FN:124,fetchLocationsWithHintsQuestionsAnswers
FN:154,updateUserProgress
FN:181,clearAllUserProgress
FN:192,clearUserProgress
FN:218,markQuestionAsAnsweredCorrectly
FN:231,fetchUserProfile
FN:247,fetchAll
FN:252,update
FN:264,uploadFile
FN:272,getSignedUrl
FN:281,deleteFile
FN:290,fetchProfileImageUrl
FN:306,fetchHintsResults
FN:310,fetchCorrectAnswerResults
FN:314,fetchTotalPointsResults
FN:319,fetch
FN:320,insert
FN:321,update
FN:322,delete
FN:326,fetchByGame
FN:334,assign
FN:340,unassign
FN:348,fetchGames
FN:353,fetchByUser
FNF:46
FNH:1
FNDA:0,handle
FNDA:0,fetchAllHints
FNDA:0,fetchAllQuestions
FNDA:0,fetchUserProgress
FNDA:0,insertUserProgress
FNDA:0,fetchQuestionsAndAnswers
FNDA:3,adminTable
FNDA:0,fetch
FNDA:0,insert
FNDA:0,update
FNDA:0,delete
FNDA:0,fetch
FNDA:0,fetchByLocation
FNDA:0,insert
FNDA:0,update
FNDA:0,delete
FNDA:0,insert
FNDA:0,toggleCorrectAnswer
FNDA:0,fetchByGame
FNDA:0,insert
FNDA:0,update
FNDA:0,delete
FNDA:0,fetchLocationsWithHintsQuestionsAnswers
FNDA:0,updateUserProgress
FNDA:0,clearAllUserProgress
FNDA:0,clearUserProgress
FNDA:0,markQuestionAsAnsweredCorrectly
FNDA:0,fetchUserProfile
FNDA:0,fetchAll
FNDA:0,update
FNDA:0,uploadFile
FNDA:0,getSignedUrl
FNDA:0,deleteFile
FNDA:0,fetchProfileImageUrl
FNDA:0,fetchHintsResults
FNDA:0,fetchCorrectAnswerResults
FNDA:0,fetchTotalPointsResults
FNDA:0,fetch
FNDA:0,insert
FNDA:0,update
FNDA:0,delete
FNDA:0,fetchByGame
FNDA:0,assign
FNDA:0,unassign
FNDA:0,fetchGames
FNDA:0,fetchByUser
DA:1,1
DA:5,1
DA:6,1
DA:7,0
DA:8,0
DA:9,0
DA:10,0
DA:12,1
DA:15,1
DA:16,1
DA:18,1
DA:19,1
DA:21,1
DA:22,1
DA:24,1
DA:25,1
DA:27,1
DA:28,0
DA:29,0
DA:30,0
DA:32,0
DA:34,0
DA:36,0
DA:37,0
DA:38,0
DA:40,0
DA:41,0
DA:42,0
DA:43,0
DA:44,0
DA:46,1
DA:48,1
DA:49,1
DA:50,3
DA:51,3
DA:52,3
DA:53,3
DA:54,1
DA:56,1
DA:57,1
DA:58,1
DA:59,1
DA:60,0
DA:61,0
DA:62,0
DA:63,0
DA:64,0
DA:65,0
DA:66,1
DA:67,1
DA:68,1
DA:69,1
DA:70,1
DA:72,1
DA:73,1
DA:74,1
DA:75,1
DA:76,1
DA:77,1
DA:79,1
DA:80,1
DA:81,1
DA:83,1
DA:84,0
DA:85,0
DA:86,0
DA:87,0
DA:88,0
DA:89,0
DA:90,0
DA:91,0
DA:92,0
DA:93,1
DA:94,1
DA:96,1
DA:97,1
DA:98,1
DA:99,0
DA:100,0
DA:101,0
DA:102,0
DA:103,0
DA:104,0
DA:105,1
DA:106,1
DA:107,0
DA:108,0
DA:109,0
DA:110,0
DA:111,0
DA:112,0
DA:113,1
DA:114,1
DA:115,1
DA:116,1
DA:117,1
DA:118,1
DA:121,1
DA:122,1
DA:124,1
DA:125,0
DA:126,0
DA:127,0
DA:128,0
DA:129,0
DA:130,0
DA:131,0
DA:132,0
DA:133,0
DA:134,0
DA:135,0
DA:136,0
DA:137,0
DA:138,0
DA:139,0
DA:140,0
DA:141,0
DA:142,0
DA:143,0
DA:144,0
DA:145,0
DA:146,0
DA:147,0
DA:148,0
DA:149,0
DA:150,0
DA:151,0
DA:152,1
DA:154,1
DA:155,0
DA:156,0
DA:157,0
DA:158,0
DA:159,0
DA:160,0
DA:161,0
DA:162,0
DA:163,0
DA:164,0
DA:165,0
DA:166,0
DA:167,0
DA:168,0
DA:169,0
DA:171,0
DA:172,0
DA:173,0
DA:174,0
DA:175,0
DA:176,0
DA:177,0
DA:178,0
DA:179,0
DA:181,1
DA:182,0
DA:183,0
DA:184,0
DA:185,0
DA:187,0
DA:188,0
DA:189,0
DA:190,0
DA:192,1
DA:193,0
DA:194,0
DA:195,0
DA:196,0
DA:197,0
DA:199,0
DA:200,0
DA:201,0
DA:202,0
DA:204,0
DA:206,0
DA:207,0
DA:208,0
DA:209,0
DA:210,0
DA:211,0
DA:213,0
DA:214,0
DA:215,0
DA:216,0
DA:218,1
DA:219,0
DA:220,0
DA:221,0
DA:222,0
DA:223,0
DA:225,0
DA:226,0
DA:227,0
DA:228,0
DA:229,0
DA:231,1
DA:232,0
DA:233,0
DA:234,0
DA:235,0
DA:236,0
DA:238,0
DA:239,0
DA:240,0
DA:241,0
DA:243,0
DA:244,0
DA:246,1
DA:247,1
DA:248,0
DA:249,0
DA:250,0
DA:251,1
DA:252,1
DA:253,0
DA:254,0
DA:255,0
DA:256,0
DA:257,0
DA:258,1
DA:259,1
DA:261,1
DA:263,1
DA:264,1
DA:265,0
DA:266,0
DA:267,0
DA:268,0
DA:269,0
DA:270,1
DA:272,1
DA:273,0
DA:274,0
DA:275,0
DA:276,0
DA:277,0
DA:278,0
DA:279,1
DA:281,1
DA:282,0
DA:283,0
DA:284,0
DA:285,0
DA:286,0
DA:287,0
DA:288,1
DA:290,1
DA:291,0
DA:292,0
DA:294,0
DA:295,0
DA:297,0
DA:299,0
DA:300,0
DA:301,0
DA:302,0
DA:303,0
DA:304,0
DA:306,1
DA:307,0
DA:308,0
DA:310,1
DA:311,0
DA:312,0
DA:314,1
DA:315,0
DA:316,0
DA:318,1
DA:319,1
DA:320,1
DA:321,1
DA:322,1
DA:323,1
DA:325,1
DA:326,1
DA:327,0
DA:328,0
DA:329,0
DA:330,0
DA:331,0
DA:332,0
DA:333,1
DA:334,1
DA:335,0
DA:336,0
DA:337,0
DA:338,0
DA:339,1
DA:340,1
DA:341,0
DA:342,0
DA:343,0
DA:344,0
DA:345,0
DA:346,0
DA:347,1
DA:348,1
DA:349,0
DA:350,0
DA:351,0
DA:352,1
DA:353,1
DA:354,0
DA:355,0
DA:356,0
DA:357,0
DA:358,0
DA:359,0
DA:360,1
DA:361,1
LF:309
LH:98
BRDA:49,0,0,3
BRF:1
BRH:1
end_of_record
TN:
SF:src/store/store.js
FN:1,(empty-report)
FNF:1
FNH:0
FNDA:0,(empty-report)
DA:1,0
DA:4,0
DA:5,0
DA:6,0
DA:7,0
DA:8,0
DA:9,0
LF:7
LH:0
BRDA:1,0,0,0
BRF:1
BRH:0
end_of_record
TN:
SF:src/store/slices/gameSlice.js
FN:13,setAvailableGames
FN:16,setSelectedGameId
FN:20,setGameActive
FNF:3
FNH:3
FNDA:6,setAvailableGames
FNDA:6,setSelectedGameId
FNDA:6,setGameActive
DA:1,1
DA:3,1
DA:4,1
DA:5,1
DA:6,1
DA:7,1
DA:9,1
DA:10,1
DA:11,1
DA:12,1
DA:13,1
DA:14,6
DA:15,1
DA:16,1
DA:17,6
DA:18,6
DA:19,1
DA:20,1
DA:21,6
DA:22,1
DA:23,1
DA:24,1
DA:26,1
DA:27,1
DA:28,1
DA:29,1
DA:30,1
DA:32,1
LF:28
LH:28
BRDA:13,0,0,6
BRDA:16,1,0,6
BRDA:20,2,0,6
BRF:3
BRH:3
end_of_record
TN:
SF:src/utils/geo.js
FN:4,getDistance
FNF:1
FNH:1
FNDA:27,getDistance
DA:1,1
DA:2,1
DA:3,1
DA:4,1
DA:5,27
DA:6,27
DA:7,27
DA:8,27
DA:9,27
DA:10,27
DA:11,27
DA:12,27
DA:13,27
DA:14,27
DA:16,1
LF:15
LH:15
BRDA:4,0,0,27
BRF:1
BRH:1
end_of_record
TN:
SF:src/utils/imageHandling.js
FN:3,createImageWithThumbnail
FN:74,calculateThumbnailSize
FNF:2
FNH:0
FNDA:0,createImageWithThumbnail
FNDA:0,calculateThumbnailSize
DA:1,1
DA:3,1
DA:4,0
DA:5,0
DA:7,0
DA:8,0
DA:9,0
DA:11,0
DA:12,0
DA:13,0
DA:14,0
DA:15,0
DA:16,0
DA:17,0
DA:18,0
DA:19,0
DA:20,0
DA:21,0
DA:22,0
DA:23,0
DA:25,0
DA:26,0
DA:27,0
DA:28,0
DA:29,0
DA:30,0
DA:31,0
DA:32,0
DA:33,0
DA:34,0
DA:35,0
DA:36,0
DA:37,0
DA:38,0
DA:39,0
DA:41,0
DA:42,0
DA:43,0
DA:45,0
DA:46,0
DA:48,0
DA:49,0
DA:50,0
DA:52,0
DA:53,0
DA:55,0
DA:56,0
DA:57,0
DA:59,0
DA:60,0
DA:61,0
DA:63,0
DA:64,0
DA:65,0
DA:66,0
DA:67,0
DA:68,0
DA:69,0
DA:70,0
DA:71,0
DA:72,0
DA:74,0
DA:75,0
DA:76,0
DA:77,0
DA:78,0
DA:79,0
DA:80,0
DA:81,0
DA:82,0
DA:83,0
DA:84,0
DA:85,0
DA:86,0
DA:87,0
LF:75
LH:2
BRF:0
BRH:0
end_of_record
TN:
SF:src/utils/logger.js
FN:5,getClientIp
FN:18,getCallerInfo
FN:55,mapGameStateToDbFields
FN:65,createPayload
FN:77,logEvent
FNF:5
FNH:0
FNDA:0,getClientIp
FNDA:0,getCallerInfo
FNDA:0,mapGameStateToDbFields
FNDA:0,createPayload
FNDA:0,logEvent
DA:1,1
DA:3,1
DA:4,1
DA:5,0
DA:6,0
DA:7,0
DA:8,0
DA:9,0
DA:10,0
DA:11,0
DA:12,0
DA:13,0
DA:14,0
DA:15,0
DA:16,0
DA:18,0
DA:19,0
DA:20,0
DA:22,0
DA:23,0
DA:24,0
DA:25,0
DA:26,0
DA:27,0
DA:28,0
DA:29,0
DA:30,0
DA:31,0
DA:32,0
DA:33,0
DA:34,0
DA:36,1
DA:37,1
DA:38,1
DA:39,1
DA:40,1
DA:41,1
DA:42,1
DA:43,1
DA:44,1
DA:45,1
DA:46,1
DA:47,1
DA:48,1
DA:49,1
DA:50,1
DA:51,1
DA:52,1
DA:54,1
DA:55,0
DA:56,0
DA:57,0
DA:58,0
DA:59,0
DA:60,0
DA:61,0
DA:62,0
DA:63,0
DA:65,0
DA:66,0
DA:67,0
DA:68,0
DA:69,0
DA:70,0
DA:71,0
DA:72,0
DA:73,0
DA:74,0
DA:75,0
DA:77,1
DA:78,0
DA:79,0
DA:80,0
DA:82,0
DA:83,0
DA:84,0
DA:85,0
DA:86,0
DA:88,0
DA:89,0
DA:90,0
DA:91,0
DA:92,0
DA:93,0
DA:94,0
DA:95,0
DA:97,0
DA:98,0
DA:99,0
DA:100,0
DA:101,0
DA:102,0
LF:92
LH:22
BRF:0
BRH:0
end_of_record
TN:
SF:src/utils/thumbnailExtractor.js
FN:1,extractThumbnail
FNF:1
FNH:0
FNDA:0,extractThumbnail
DA:1,1
DA:2,0
DA:3,0
DA:4,0
DA:5,0
DA:6,0
DA:7,0
DA:9,0
DA:10,0
DA:11,0
DA:13,0
DA:14,0
DA:15,0
DA:16,0
DA:17,0
DA:18,0
DA:20,0
DA:21,0
DA:22,0
DA:23,0
DA:24,0
DA:25,0
DA:26,0
DA:27,0
DA:28,0
DA:29,0
DA:30,0
DA:31,0
DA:32,0
DA:33,0
DA:34,0
DA:35,0
DA:36,0
DA:38,0
DA:39,0
DA:40,0
LF:36
LH:1
BRF:0
BRH:0
end_of_record
